Using pre-set license
Built from '2020.2/staging' branch; Version is '2020.2.7f1 (c53830e277f1) revision 12924976'; Using compiler version '192528614'; Build Type 'Release'
OS: 'Windows 10 Home; OS build 18363.1316; Version 1909; 64bit' Language: 'en' Physical Memory: 16344 MB
BatchMode: 1, IsHumanControllingUs: 0, StartBugReporterOnCrash: 0, Is64bit: 1, IsPro: 0

 COMMAND LINE ARGUMENTS:
C:\Program Files\Unity\Hub\Editor\2020.2.7f1\Editor\Unity.exe
-adb2
-batchMode
-noUpm
-name
AssetImportWorker0
-projectPath
C:/Users/mulli/Documents/Unity/MLAPIDemoGame/MLAPIDemoGame
-logFile
Logs/AssetImportWorker0.log
-srvPort
54370
Successfully changed project path to: C:/Users/mulli/Documents/Unity/MLAPIDemoGame/MLAPIDemoGame
C:/Users/mulli/Documents/Unity/MLAPIDemoGame/MLAPIDemoGame
Using Asset Import Pipeline V2.
Refreshing native plugins compatible for Editor in 20.04 ms, found 0 plugins.
Preloading 0 native plugins for Editor in 0.00 ms.
Initialize engine version: 2020.2.7f1 (c53830e277f1)
[Subsystems] Discovering subsystems at path C:/Program Files/Unity/Hub/Editor/2020.2.7f1/Editor/Data/Resources/UnitySubsystems
[Subsystems] Discovering subsystems at path C:/Users/mulli/Documents/Unity/MLAPIDemoGame/MLAPIDemoGame/Assets
GfxDevice: creating device client; threaded=0
Direct3D:
    Version:  Direct3D 11.0 [level 11.1]
    Renderer: NVIDIA GeForce GTX 1080 (ID=0x1b80)
    Vendor:   
    VRAM:     8079 MB
    Driver:   27.21.14.5730
Initialize mono
Mono path[0] = 'C:/Program Files/Unity/Hub/Editor/2020.2.7f1/Editor/Data/Managed'
Mono path[1] = 'C:/Program Files/Unity/Hub/Editor/2020.2.7f1/Editor/Data/MonoBleedingEdge/lib/mono/unityjit'
Mono config path = 'C:/Program Files/Unity/Hub/Editor/2020.2.7f1/Editor/Data/MonoBleedingEdge/etc'
Using monoOptions --debugger-agent=transport=dt_socket,embedding=1,server=y,suspend=n,address=127.0.0.1:56304
Begin MonoManager ReloadAssembly
Registering precompiled unity dll's ...
Register platform support module: C:/Program Files/Unity/Hub/Editor/2020.2.7f1/Editor/Data/PlaybackEngines/WindowsStandaloneSupport/UnityEditor.WindowsStandalone.Extensions.dll
Registered in 0.001962 seconds.
Native extension for WindowsStandalone target not found
Refreshing native plugins compatible for Editor in 24.15 ms, found 0 plugins.
Preloading 0 native plugins for Editor in 0.00 ms.
Invoked RoslynAnalysisRunner static constructor.
RoslynAnalysisRunner will not be running.
RoslynAnalysisRunner has terminated.
Mono: successfully reloaded assembly
- Completed reload, in  0.983 seconds
Platform modules already initialized, skipping
Registering precompiled user dll's ...
Registered in 0.001201 seconds.
Begin MonoManager ReloadAssembly
Symbol file LoadedFromMemory is not a mono symbol file
Native extension for WindowsStandalone target not found
Refreshing native plugins compatible for Editor in 0.18 ms, found 0 plugins.
Preloading 0 native plugins for Editor in 0.00 ms.
Invoked RoslynAnalysisRunner static constructor.
RoslynAnalysisRunner will not be running.
RoslynAnalysisRunner has terminated.
Mono: successfully reloaded assembly
- Completed reload, in  0.801 seconds
Platform modules already initialized, skipping
========================================================================
Worker process is ready to serve import requests
Launched and connected shader compiler UnityShaderCompiler.exe after 0.08 seconds
Refreshing native plugins compatible for Editor in 0.92 ms, found 0 plugins.
Preloading 0 native plugins for Editor in 0.00 ms.
Unloading 1122 Unused Serialized files (Serialized files now loaded: 0)
System memory in use before: 57.3 MB.
System memory in use after: 57.3 MB.

Unloading 11 unused Assets to reduce memory usage. Loaded Objects now: 1574.
Total: 1.968600 ms (FindLiveObjects: 0.183100 ms CreateObjectMapping: 0.083600 ms MarkObjects: 1.627600 ms  DeleteObjects: 0.073100 ms)

========================================================================
Received Import Request.
  path: Assets
  artifactKey: Guid(00000000000000001000000000000000) Importer(815301076,1909f56bfc062723c751e8b465ee728b)
Start importing Assets using Guid(00000000000000001000000000000000) Importer(815301076,1909f56bfc062723c751e8b465ee728b)  -> (artifact id: 'f89434ac489deb914593f829e0a47671') in 0.016358 seconds
  Import took 0.020880 seconds .

========================================================================
Received Import Request.
  Time since last request: 3.909078 seconds.
  path: Assets/Scripts
  artifactKey: Guid(78f529cd4d25e6a42a60dcf24d050163) Importer(815301076,1909f56bfc062723c751e8b465ee728b)
Start importing Assets/Scripts using Guid(78f529cd4d25e6a42a60dcf24d050163) Importer(815301076,1909f56bfc062723c751e8b465ee728b)  -> (artifact id: '75ff0065be13263d6b72cb68bddd8ebf') in 0.009806 seconds
  Import took 0.012316 seconds .

========================================================================
Received Import Request.
  Time since last request: 11.879137 seconds.
  path: Assets/Scripts/MainMenu.cs
  artifactKey: Guid(efadce8c75ab78645bc5779517641039) Importer(815301076,1909f56bfc062723c751e8b465ee728b)
Start importing Assets/Scripts/MainMenu.cs using Guid(efadce8c75ab78645bc5779517641039) Importer(815301076,1909f56bfc062723c751e8b465ee728b)  -> (artifact id: 'd182b26934676a114d6e474cb20f71d6') in 0.043433 seconds
  Import took 0.045459 seconds .

========================================================================
Received Import Request.
  Time since last request: 0.085027 seconds.
  path: Assets/Scripts/MainMenu.cs
  artifactKey: Guid(efadce8c75ab78645bc5779517641039) Importer(815301076,1909f56bfc062723c751e8b465ee728b)
Start importing Assets/Scripts/MainMenu.cs using Guid(efadce8c75ab78645bc5779517641039) Importer(815301076,1909f56bfc062723c751e8b465ee728b)  -> (artifact id: 'd182b26934676a114d6e474cb20f71d6') in 0.006038 seconds
  Import took 0.009194 seconds .

========================================================================
Received Prepare
Registering precompiled user dll's ...
Registered in 0.001307 seconds.
Begin MonoManager ReloadAssembly
Symbol file LoadedFromMemory is not a mono symbol file
Native extension for WindowsStandalone target not found
Refreshing native plugins compatible for Editor in 1.18 ms, found 0 plugins.
Preloading 0 native plugins for Editor in 0.00 ms.
Invoked RoslynAnalysisRunner static constructor.
RoslynAnalysisRunner will not be running.
RoslynAnalysisRunner has terminated.
Mono: successfully reloaded assembly
- Completed reload, in  0.822 seconds
Platform modules already initialized, skipping
Refreshing native plugins compatible for Editor in 0.44 ms, found 0 plugins.
Preloading 0 native plugins for Editor in 0.00 ms.
Unloading 1118 Unused Serialized files (Serialized files now loaded: 0)
System memory in use before: 57.3 MB.
System memory in use after: 57.3 MB.

Unloading 6 unused Assets to reduce memory usage. Loaded Objects now: 1578.
Total: 3.909900 ms (FindLiveObjects: 0.720800 ms CreateObjectMapping: 0.199600 ms MarkObjects: 2.894200 ms  DeleteObjects: 0.092100 ms)

========================================================================
Received Prepare
Registering precompiled user dll's ...
Registered in 0.001073 seconds.
Begin MonoManager ReloadAssembly
Symbol file LoadedFromMemory is not a mono symbol file
Native extension for WindowsStandalone target not found
Refreshing native plugins compatible for Editor in 0.22 ms, found 0 plugins.
Preloading 0 native plugins for Editor in 0.00 ms.
Invoked RoslynAnalysisRunner static constructor.
RoslynAnalysisRunner will not be running.
RoslynAnalysisRunner has terminated.
Mono: successfully reloaded assembly
- Completed reload, in  0.783 seconds
Platform modules already initialized, skipping
Refreshing native plugins compatible for Editor in 0.19 ms, found 0 plugins.
Preloading 0 native plugins for Editor in 0.00 ms.
Unloading 1118 Unused Serialized files (Serialized files now loaded: 0)
System memory in use before: 57.3 MB.
System memory in use after: 57.3 MB.

Unloading 6 unused Assets to reduce memory usage. Loaded Objects now: 1581.
Total: 1.384100 ms (FindLiveObjects: 0.207700 ms CreateObjectMapping: 0.048400 ms MarkObjects: 1.084300 ms  DeleteObjects: 0.042800 ms)

========================================================================
Received Import Request.
  Time since last request: 365.132843 seconds.
  path: Assets/Scripts/MainMenu.cs
  artifactKey: Guid(efadce8c75ab78645bc5779517641039) Importer(815301076,1909f56bfc062723c751e8b465ee728b)
Start importing Assets/Scripts/MainMenu.cs using Guid(efadce8c75ab78645bc5779517641039) Importer(815301076,1909f56bfc062723c751e8b465ee728b)  -> (artifact id: 'bbd441b1cd007af99692553cbee73cde') in 0.010065 seconds
  Import took 0.011964 seconds .

========================================================================
Received Import Request.
  Time since last request: 14.830580 seconds.
  path: Assets/Scenes/New Scene.unity
  artifactKey: Guid(9bc7fa872c148834c9ae0a3993b6eadd) Importer(815301076,1909f56bfc062723c751e8b465ee728b)
Start importing Assets/Scenes/New Scene.unity using Guid(9bc7fa872c148834c9ae0a3993b6eadd) Importer(815301076,1909f56bfc062723c751e8b465ee728b)  -> (artifact id: '0913e60f6cc4514a4b856cf90fec8025') in 0.018339 seconds
  Import took 0.023103 seconds .

========================================================================
Received Import Request.
  Time since last request: 3.373106 seconds.
  path: Assets/Scenes/homeScreen.unity
  artifactKey: Guid(9fc0d4010bbf28b4594072e72b8655ab) Importer(815301076,1909f56bfc062723c751e8b465ee728b)
Start importing Assets/Scenes/homeScreen.unity using Guid(9fc0d4010bbf28b4594072e72b8655ab) Importer(815301076,1909f56bfc062723c751e8b465ee728b)  -> (artifact id: 'a913773687fe3c196237b72078eca59c') in 0.012437 seconds
  Import took 0.014772 seconds .

========================================================================
Received Import Request.
  Time since last request: 19.860137 seconds.
  path: Assets/Scenes/lobbyScreen.unity
  artifactKey: Guid(b3c071005e882f146bac0ce6b2116fcf) Importer(815301076,1909f56bfc062723c751e8b465ee728b)
Start importing Assets/Scenes/lobbyScreen.unity using Guid(b3c071005e882f146bac0ce6b2116fcf) Importer(815301076,1909f56bfc062723c751e8b465ee728b)  -> (artifact id: 'da09e2c866f39779a7ec04fa9e447256') in 0.015071 seconds
  Import took 0.018738 seconds .

========================================================================
Received Import Request.
  Time since last request: 0.011072 seconds.
  path: Assets/Scenes/lobbyScreen.unity
  artifactKey: Guid(b3c071005e882f146bac0ce6b2116fcf) Importer(815301076,1909f56bfc062723c751e8b465ee728b)
Start importing Assets/Scenes/lobbyScreen.unity using Guid(b3c071005e882f146bac0ce6b2116fcf) Importer(815301076,1909f56bfc062723c751e8b465ee728b)  -> (artifact id: 'da09e2c866f39779a7ec04fa9e447256') in 0.006496 seconds
  Import took 0.010396 seconds .

========================================================================
Received Import Request.
  Time since last request: 47.273933 seconds.
  path: Assets/Scenes/lobbyScreen.unity
  artifactKey: Guid(b3c071005e882f146bac0ce6b2116fcf) Importer(815301076,1909f56bfc062723c751e8b465ee728b)
Start importing Assets/Scenes/lobbyScreen.unity using Guid(b3c071005e882f146bac0ce6b2116fcf) Importer(815301076,1909f56bfc062723c751e8b465ee728b)  -> (artifact id: 'd548ee2d154f4571ebf8a1c15b9aa33f') in 0.004565 seconds
  Import took 0.007156 seconds .

========================================================================
Received Prepare
Registering precompiled user dll's ...
Registered in 0.001074 seconds.
Begin MonoManager ReloadAssembly
Symbol file LoadedFromMemory is not a mono symbol file
Native extension for WindowsStandalone target not found
Refreshing native plugins compatible for Editor in 0.19 ms, found 0 plugins.
Preloading 0 native plugins for Editor in 0.00 ms.
Invoked RoslynAnalysisRunner static constructor.
RoslynAnalysisRunner will not be running.
RoslynAnalysisRunner has terminated.
Mono: successfully reloaded assembly
- Completed reload, in  0.726 seconds
Platform modules already initialized, skipping
Refreshing native plugins compatible for Editor in 0.26 ms, found 0 plugins.
Preloading 0 native plugins for Editor in 0.00 ms.
Unloading 1118 Unused Serialized files (Serialized files now loaded: 0)
System memory in use before: 57.3 MB.
System memory in use after: 57.4 MB.

Unloading 6 unused Assets to reduce memory usage. Loaded Objects now: 1584.
Total: 1.747700 ms (FindLiveObjects: 0.216500 ms CreateObjectMapping: 0.065900 ms MarkObjects: 1.421600 ms  DeleteObjects: 0.042500 ms)

========================================================================
Received Prepare
Registering precompiled user dll's ...
Registered in 0.001750 seconds.
Begin MonoManager ReloadAssembly
Symbol file LoadedFromMemory is not a mono symbol file
Native extension for WindowsStandalone target not found
Refreshing native plugins compatible for Editor in 0.28 ms, found 0 plugins.
Preloading 0 native plugins for Editor in 0.00 ms.
Invoked RoslynAnalysisRunner static constructor.
RoslynAnalysisRunner will not be running.
RoslynAnalysisRunner has terminated.
Mono: successfully reloaded assembly
- Completed reload, in  0.696 seconds
Platform modules already initialized, skipping
Refreshing native plugins compatible for Editor in 0.34 ms, found 0 plugins.
Preloading 0 native plugins for Editor in 0.00 ms.
Unloading 1118 Unused Serialized files (Serialized files now loaded: 0)
System memory in use before: 57.3 MB.
System memory in use after: 57.4 MB.

Unloading 6 unused Assets to reduce memory usage. Loaded Objects now: 1587.
Total: 3.944900 ms (FindLiveObjects: 0.495700 ms CreateObjectMapping: 0.076000 ms MarkObjects: 3.287600 ms  DeleteObjects: 0.082900 ms)

========================================================================
Received Import Request.
  Time since last request: 134.621574 seconds.
  path: Assets/Resources
  artifactKey: Guid(aed9d22b63cc3f346bc515d9ba003eb3) Importer(815301076,1909f56bfc062723c751e8b465ee728b)
Start importing Assets/Resources using Guid(aed9d22b63cc3f346bc515d9ba003eb3) Importer(815301076,1909f56bfc062723c751e8b465ee728b)  -> (artifact id: '678d3f9f33d1e6c339786167a17fd992') in 0.013757 seconds
  Import took 0.016008 seconds .

========================================================================
Received Import Request.
  Time since last request: 58.345450 seconds.
  path: Assets/Resources/Prefabs
  artifactKey: Guid(ca4d2e79f897bdd4686bea30e79d0bd6) Importer(815301076,1909f56bfc062723c751e8b465ee728b)
Start importing Assets/Resources/Prefabs using Guid(ca4d2e79f897bdd4686bea30e79d0bd6) Importer(815301076,1909f56bfc062723c751e8b465ee728b)  -> (artifact id: '9d4fb83bb8b120bb8a0ad0ae15caf0d1') in 0.014694 seconds
  Import took 0.017038 seconds .

========================================================================
Received Import Request.
  Time since last request: 56.999486 seconds.
  path: Assets/Resources/Prefabs/Player1PreFab.prefab
  artifactKey: Guid(adc38e8a8583788419c9697f44a556c1) Importer(815301076,1909f56bfc062723c751e8b465ee728b)
Start importing Assets/Resources/Prefabs/Player1PreFab.prefab using Guid(adc38e8a8583788419c9697f44a556c1) Importer(815301076,1909f56bfc062723c751e8b465ee728b)  -> (artifact id: '8d401aeefce26cb280a9c37014b40739') in 0.112128 seconds
  Import took 0.114024 seconds .

========================================================================
Received Import Request.
  Time since last request: 16.524464 seconds.
  path: Assets/Resources/Materials
  artifactKey: Guid(2ad325e17d875b2419261f58bcbf4057) Importer(815301076,1909f56bfc062723c751e8b465ee728b)
Start importing Assets/Resources/Materials using Guid(2ad325e17d875b2419261f58bcbf4057) Importer(815301076,1909f56bfc062723c751e8b465ee728b)  -> (artifact id: '201696730d8420578334a706207ba7ef') in 0.011602 seconds
  Import took 0.014902 seconds .

========================================================================
Received Import Request.
  Time since last request: 19.736314 seconds.
  path: Assets/Resources/Materials/New Material 1.mat
  artifactKey: Guid(eec7ae3ffe64dea4a81a2ae1eb1e6929) Importer(815301076,1909f56bfc062723c751e8b465ee728b)
Start importing Assets/Resources/Materials/New Material 1.mat using Guid(eec7ae3ffe64dea4a81a2ae1eb1e6929) Importer(815301076,1909f56bfc062723c751e8b465ee728b)  -> (artifact id: 'e9a0692f5858398f9a3f35ba35732ec9') in 0.054175 seconds
  Import took 0.057445 seconds .

========================================================================
Received Import Request.
  Time since last request: 73.685442 seconds.
  path: Assets/Scripts/PlayerControl.cs
  artifactKey: Guid(5168864a356a36e43b27ba539704a5b9) Importer(815301076,1909f56bfc062723c751e8b465ee728b)
Start importing Assets/Scripts/PlayerControl.cs using Guid(5168864a356a36e43b27ba539704a5b9) Importer(815301076,1909f56bfc062723c751e8b465ee728b)  -> (artifact id: 'e3bf086029d8e1da70b3c379be07c7d2') in 0.008843 seconds
  Import took 0.011138 seconds .

========================================================================
Received Import Request.
  Time since last request: 6.117151 seconds.
  path: Assets/Scripts/MainMenu.cs
  artifactKey: Guid(efadce8c75ab78645bc5779517641039) Importer(815301076,1909f56bfc062723c751e8b465ee728b)
Start importing Assets/Scripts/MainMenu.cs using Guid(efadce8c75ab78645bc5779517641039) Importer(815301076,1909f56bfc062723c751e8b465ee728b)  -> (artifact id: '83977ef353005a7833992bfebfd7fbff') in 0.014068 seconds
  Import took 0.016403 seconds .

========================================================================
Received Prepare
Registering precompiled user dll's ...
Registered in 0.001739 seconds.
Begin MonoManager ReloadAssembly
Symbol file LoadedFromMemory is not a mono symbol file
Native extension for WindowsStandalone target not found
Refreshing native plugins compatible for Editor in 0.19 ms, found 0 plugins.
Preloading 0 native plugins for Editor in 0.00 ms.
Invoked RoslynAnalysisRunner static constructor.
RoslynAnalysisRunner will not be running.
RoslynAnalysisRunner has terminated.
Mono: successfully reloaded assembly
- Completed reload, in  0.759 seconds
Platform modules already initialized, skipping
Refreshing native plugins compatible for Editor in 0.39 ms, found 0 plugins.
Preloading 0 native plugins for Editor in 0.00 ms.
Unloading 1119 Unused Serialized files (Serialized files now loaded: 0)
System memory in use before: 60.8 MB.
System memory in use after: 60.8 MB.

Unloading 7 unused Assets to reduce memory usage. Loaded Objects now: 1633.
Total: 2.026800 ms (FindLiveObjects: 0.196900 ms CreateObjectMapping: 0.056800 ms MarkObjects: 1.725200 ms  DeleteObjects: 0.046900 ms)

========================================================================
Received Import Request.
  Time since last request: 33.627130 seconds.
  path: Assets/Scripts/PlayerControl.cs
  artifactKey: Guid(5168864a356a36e43b27ba539704a5b9) Importer(815301076,1909f56bfc062723c751e8b465ee728b)
Start importing Assets/Scripts/PlayerControl.cs using Guid(5168864a356a36e43b27ba539704a5b9) Importer(815301076,1909f56bfc062723c751e8b465ee728b)  -> (artifact id: '0621905b2f7c6dd27f131cecf09c0241') in 0.009827 seconds
  Import took 0.012075 seconds .

========================================================================
Received Import Request.
  Time since last request: 27.275617 seconds.
  path: Assets/Resources/Prefabs/Player1PreFab.prefab
  artifactKey: Guid(adc38e8a8583788419c9697f44a556c1) Importer(815301076,1909f56bfc062723c751e8b465ee728b)
Start importing Assets/Resources/Prefabs/Player1PreFab.prefab using Guid(adc38e8a8583788419c9697f44a556c1) Importer(815301076,1909f56bfc062723c751e8b465ee728b)  -> (artifact id: '7a0ccac67d478212b4d809b47929331b') in 0.104793 seconds
  Import took 0.108267 seconds .

========================================================================
Received Import Request.
  Time since last request: 0.021549 seconds.
  path: Assets/Resources/Prefabs/Player1PreFab.prefab
  artifactKey: Guid(adc38e8a8583788419c9697f44a556c1) Importer(815301076,1909f56bfc062723c751e8b465ee728b)
Start importing Assets/Resources/Prefabs/Player1PreFab.prefab using Guid(adc38e8a8583788419c9697f44a556c1) Importer(815301076,1909f56bfc062723c751e8b465ee728b)  -> (artifact id: '7a0ccac67d478212b4d809b47929331b') in 0.030520 seconds
  Import took 0.036631 seconds .

========================================================================
Received Prepare
Registering precompiled user dll's ...
Registered in 0.001860 seconds.
Begin MonoManager ReloadAssembly
Symbol file LoadedFromMemory is not a mono symbol file
Native extension for WindowsStandalone target not found
Refreshing native plugins compatible for Editor in 0.23 ms, found 0 plugins.
Preloading 0 native plugins for Editor in 0.00 ms.
Invoked RoslynAnalysisRunner static constructor.
RoslynAnalysisRunner will not be running.
RoslynAnalysisRunner has terminated.
Mono: successfully reloaded assembly
- Completed reload, in  0.740 seconds
Platform modules already initialized, skipping
Refreshing native plugins compatible for Editor in 0.42 ms, found 0 plugins.
Preloading 0 native plugins for Editor in 0.00 ms.
Unloading 1119 Unused Serialized files (Serialized files now loaded: 0)
System memory in use before: 60.8 MB.
System memory in use after: 60.9 MB.

Unloading 7 unused Assets to reduce memory usage. Loaded Objects now: 1637.
Total: 2.780300 ms (FindLiveObjects: 0.263900 ms CreateObjectMapping: 0.072400 ms MarkObjects: 2.356400 ms  DeleteObjects: 0.085600 ms)

========================================================================
Received Prepare
Registering precompiled user dll's ...
Registered in 0.002872 seconds.
Begin MonoManager ReloadAssembly
Symbol file LoadedFromMemory is not a mono symbol file
Native extension for WindowsStandalone target not found
Refreshing native plugins compatible for Editor in 0.50 ms, found 0 plugins.
Preloading 0 native plugins for Editor in 0.00 ms.
Invoked RoslynAnalysisRunner static constructor.
RoslynAnalysisRunner will not be running.
RoslynAnalysisRunner has terminated.
Mono: successfully reloaded assembly
- Completed reload, in  1.167 seconds
Platform modules already initialized, skipping
Refreshing native plugins compatible for Editor in 0.60 ms, found 0 plugins.
Preloading 0 native plugins for Editor in 0.00 ms.
Unloading 1119 Unused Serialized files (Serialized files now loaded: 0)
System memory in use before: 60.8 MB.
System memory in use after: 60.9 MB.

Unloading 6 unused Assets to reduce memory usage. Loaded Objects now: 1640.
Total: 5.113100 ms (FindLiveObjects: 0.633600 ms CreateObjectMapping: 0.181100 ms MarkObjects: 4.049900 ms  DeleteObjects: 0.244800 ms)

========================================================================
Received Prepare
Registering precompiled user dll's ...
Registered in 0.001390 seconds.
Begin MonoManager ReloadAssembly
Symbol file LoadedFromMemory is not a mono symbol file
Native extension for WindowsStandalone target not found
Refreshing native plugins compatible for Editor in 0.18 ms, found 0 plugins.
Preloading 0 native plugins for Editor in 0.00 ms.
Invoked RoslynAnalysisRunner static constructor.
RoslynAnalysisRunner will not be running.
RoslynAnalysisRunner has terminated.
Mono: successfully reloaded assembly
- Completed reload, in  0.764 seconds
Platform modules already initialized, skipping
Refreshing native plugins compatible for Editor in 0.27 ms, found 0 plugins.
Preloading 0 native plugins for Editor in 0.00 ms.
Unloading 1119 Unused Serialized files (Serialized files now loaded: 0)
System memory in use before: 60.8 MB.
System memory in use after: 60.9 MB.

Unloading 6 unused Assets to reduce memory usage. Loaded Objects now: 1643.
Total: 2.101600 ms (FindLiveObjects: 0.226700 ms CreateObjectMapping: 0.058900 ms MarkObjects: 1.738200 ms  DeleteObjects: 0.076400 ms)

========================================================================
Received Prepare
Registering precompiled user dll's ...
Registered in 0.001614 seconds.
Begin MonoManager ReloadAssembly
Symbol file LoadedFromMemory is not a mono symbol file
Native extension for WindowsStandalone target not found
Refreshing native plugins compatible for Editor in 0.19 ms, found 0 plugins.
Preloading 0 native plugins for Editor in 0.00 ms.
Invoked RoslynAnalysisRunner static constructor.
RoslynAnalysisRunner will not be running.
RoslynAnalysisRunner has terminated.
Mono: successfully reloaded assembly
- Completed reload, in  0.723 seconds
Platform modules already initialized, skipping
Refreshing native plugins compatible for Editor in 0.18 ms, found 0 plugins.
Preloading 0 native plugins for Editor in 0.00 ms.
Unloading 1119 Unused Serialized files (Serialized files now loaded: 0)
System memory in use before: 60.8 MB.
System memory in use after: 60.9 MB.

Unloading 6 unused Assets to reduce memory usage. Loaded Objects now: 1646.
Total: 2.183900 ms (FindLiveObjects: 0.470200 ms CreateObjectMapping: 0.166100 ms MarkObjects: 1.490800 ms  DeleteObjects: 0.054600 ms)

========================================================================
Received Import Request.
  Time since last request: 329.911838 seconds.
  path: Assets/Scenes/homeScreen.unity
  artifactKey: Guid(9fc0d4010bbf28b4594072e72b8655ab) Importer(815301076,1909f56bfc062723c751e8b465ee728b)
Start importing Assets/Scenes/homeScreen.unity using Guid(9fc0d4010bbf28b4594072e72b8655ab) Importer(815301076,1909f56bfc062723c751e8b465ee728b)  -> (artifact id: '17e755507050884a88fd2f69d8a71844') in 0.023357 seconds
  Import took 0.028255 seconds .

========================================================================
Received Prepare
Registering precompiled user dll's ...
Registered in 0.001911 seconds.
Begin MonoManager ReloadAssembly
Symbol file LoadedFromMemory is not a mono symbol file
Native extension for WindowsStandalone target not found
Refreshing native plugins compatible for Editor in 0.55 ms, found 0 plugins.
Preloading 0 native plugins for Editor in 0.00 ms.
Invoked RoslynAnalysisRunner static constructor.
RoslynAnalysisRunner will not be running.
RoslynAnalysisRunner has terminated.
Mono: successfully reloaded assembly
- Completed reload, in  0.682 seconds
Platform modules already initialized, skipping
Refreshing native plugins compatible for Editor in 0.60 ms, found 0 plugins.
Preloading 0 native plugins for Editor in 0.00 ms.
Unloading 1119 Unused Serialized files (Serialized files now loaded: 0)
System memory in use before: 60.8 MB.
System memory in use after: 60.9 MB.

Unloading 6 unused Assets to reduce memory usage. Loaded Objects now: 1649.
Total: 3.203700 ms (FindLiveObjects: 0.172800 ms CreateObjectMapping: 0.036500 ms MarkObjects: 2.886200 ms  DeleteObjects: 0.105900 ms)

========================================================================
Received Prepare
Registering precompiled user dll's ...
Registered in 0.001210 seconds.
Begin MonoManager ReloadAssembly
Symbol file LoadedFromMemory is not a mono symbol file
Native extension for WindowsStandalone target not found
Refreshing native plugins compatible for Editor in 0.22 ms, found 0 plugins.
Preloading 0 native plugins for Editor in 0.00 ms.
Invoked RoslynAnalysisRunner static constructor.
RoslynAnalysisRunner will not be running.
RoslynAnalysisRunner has terminated.
Mono: successfully reloaded assembly
- Completed reload, in  0.703 seconds
Platform modules already initialized, skipping
Refreshing native plugins compatible for Editor in 0.23 ms, found 0 plugins.
Preloading 0 native plugins for Editor in 0.00 ms.
Unloading 1119 Unused Serialized files (Serialized files now loaded: 0)
System memory in use before: 60.8 MB.
System memory in use after: 60.9 MB.

Unloading 6 unused Assets to reduce memory usage. Loaded Objects now: 1652.
Total: 3.584400 ms (FindLiveObjects: 0.705000 ms CreateObjectMapping: 0.262100 ms MarkObjects: 2.475500 ms  DeleteObjects: 0.138100 ms)

========================================================================
Received Prepare
Registering precompiled user dll's ...
Registered in 0.001465 seconds.
Begin MonoManager ReloadAssembly
Symbol file LoadedFromMemory is not a mono symbol file
Native extension for WindowsStandalone target not found
Refreshing native plugins compatible for Editor in 0.96 ms, found 0 plugins.
Preloading 0 native plugins for Editor in 0.00 ms.
Invoked RoslynAnalysisRunner static constructor.
RoslynAnalysisRunner will not be running.
RoslynAnalysisRunner has terminated.
Mono: successfully reloaded assembly
- Completed reload, in  1.186 seconds
Platform modules already initialized, skipping
Refreshing native plugins compatible for Editor in 0.43 ms, found 0 plugins.
Preloading 0 native plugins for Editor in 0.00 ms.
Unloading 1120 Unused Serialized files (Serialized files now loaded: 0)
System memory in use before: 60.8 MB.
System memory in use after: 60.9 MB.

Unloading 6 unused Assets to reduce memory usage. Loaded Objects now: 1656.
Total: 5.509900 ms (FindLiveObjects: 1.022800 ms CreateObjectMapping: 0.167500 ms MarkObjects: 4.153400 ms  DeleteObjects: 0.161100 ms)

========================================================================
Received Prepare
Registering precompiled user dll's ...
Registered in 0.001427 seconds.
Begin MonoManager ReloadAssembly
Symbol file LoadedFromMemory is not a mono symbol file
Native extension for WindowsStandalone target not found
Refreshing native plugins compatible for Editor in 0.21 ms, found 0 plugins.
Preloading 0 native plugins for Editor in 0.00 ms.
Invoked RoslynAnalysisRunner static constructor.
RoslynAnalysisRunner will not be running.
RoslynAnalysisRunner has terminated.
Mono: successfully reloaded assembly
- Completed reload, in  0.777 seconds
Platform modules already initialized, skipping
Refreshing native plugins compatible for Editor in 0.61 ms, found 0 plugins.
Preloading 0 native plugins for Editor in 0.00 ms.
Unloading 1120 Unused Serialized files (Serialized files now loaded: 0)
System memory in use before: 60.8 MB.
System memory in use after: 60.9 MB.

Unloading 6 unused Assets to reduce memory usage. Loaded Objects now: 1659.
Total: 2.117800 ms (FindLiveObjects: 0.320300 ms CreateObjectMapping: 0.067200 ms MarkObjects: 1.665600 ms  DeleteObjects: 0.063000 ms)

========================================================================
Received Prepare
Registering precompiled user dll's ...
Registered in 0.002101 seconds.
Begin MonoManager ReloadAssembly
Symbol file LoadedFromMemory is not a mono symbol file
Native extension for WindowsStandalone target not found
Refreshing native plugins compatible for Editor in 0.42 ms, found 0 plugins.
Preloading 0 native plugins for Editor in 0.00 ms.
Invoked RoslynAnalysisRunner static constructor.
RoslynAnalysisRunner will not be running.
RoslynAnalysisRunner has terminated.
Mono: successfully reloaded assembly
- Completed reload, in  0.958 seconds
Platform modules already initialized, skipping
Refreshing native plugins compatible for Editor in 0.22 ms, found 0 plugins.
Preloading 0 native plugins for Editor in 0.00 ms.
Unloading 1120 Unused Serialized files (Serialized files now loaded: 0)
System memory in use before: 60.8 MB.
System memory in use after: 60.9 MB.

Unloading 6 unused Assets to reduce memory usage. Loaded Objects now: 1662.
Total: 1.874400 ms (FindLiveObjects: 0.350100 ms CreateObjectMapping: 0.089900 ms MarkObjects: 1.359600 ms  DeleteObjects: 0.073400 ms)

========================================================================
Received Prepare
Registering precompiled user dll's ...
Registered in 0.001656 seconds.
Begin MonoManager ReloadAssembly
Symbol file LoadedFromMemory is not a mono symbol file
Native extension for WindowsStandalone target not found
Refreshing native plugins compatible for Editor in 0.68 ms, found 0 plugins.
Preloading 0 native plugins for Editor in 0.00 ms.
Invoked RoslynAnalysisRunner static constructor.
RoslynAnalysisRunner will not be running.
RoslynAnalysisRunner has terminated.
Mono: successfully reloaded assembly
- Completed reload, in  0.847 seconds
Platform modules already initialized, skipping
Refreshing native plugins compatible for Editor in 0.34 ms, found 0 plugins.
Preloading 0 native plugins for Editor in 0.00 ms.
Unloading 1120 Unused Serialized files (Serialized files now loaded: 0)
System memory in use before: 60.9 MB.
System memory in use after: 60.9 MB.

Unloading 6 unused Assets to reduce memory usage. Loaded Objects now: 1665.
Total: 3.463700 ms (FindLiveObjects: 0.580100 ms CreateObjectMapping: 0.264700 ms MarkObjects: 2.524100 ms  DeleteObjects: 0.091600 ms)

========================================================================
Received Import Request.
  Time since last request: 636.238907 seconds.
  path: Assets/Scripts/delPlayer.cs
  artifactKey: Guid(0c76458a3bc918a419afe2f18e22096a) Importer(815301076,1909f56bfc062723c751e8b465ee728b)
Start importing Assets/Scripts/delPlayer.cs using Guid(0c76458a3bc918a419afe2f18e22096a) Importer(815301076,1909f56bfc062723c751e8b465ee728b)  -> (artifact id: '353d2ebcc23ac67333c9f7a2c257ee57') in 0.012020 seconds
  Import took 0.014828 seconds .

========================================================================
Received Import Request.
  Time since last request: 38.620989 seconds.
  path: Assets/Resources/Prefabs/emptyObjDel.prefab
  artifactKey: Guid(8f0b8f0d1f9f3d64e869c790b9e971e2) Importer(815301076,1909f56bfc062723c751e8b465ee728b)
Start importing Assets/Resources/Prefabs/emptyObjDel.prefab using Guid(8f0b8f0d1f9f3d64e869c790b9e971e2) Importer(815301076,1909f56bfc062723c751e8b465ee728b)  -> (artifact id: '68014e4f3006a553aa70fb0dd1c0ef8a') in 0.106042 seconds
  Import took 0.109202 seconds .

========================================================================
Received Import Request.
  Time since last request: 0.001751 seconds.
  path: Assets/Resources/Prefabs/emptyObjDel.prefab
  artifactKey: Guid(8f0b8f0d1f9f3d64e869c790b9e971e2) Importer(815301076,1909f56bfc062723c751e8b465ee728b)
Start importing Assets/Resources/Prefabs/emptyObjDel.prefab using Guid(8f0b8f0d1f9f3d64e869c790b9e971e2) Importer(815301076,1909f56bfc062723c751e8b465ee728b)  -> (artifact id: '68014e4f3006a553aa70fb0dd1c0ef8a') in 0.015197 seconds
  Import took 0.019516 seconds .

========================================================================
Received Prepare
Registering precompiled user dll's ...
Registered in 0.002101 seconds.
Begin MonoManager ReloadAssembly
Symbol file LoadedFromMemory is not a mono symbol file
Native extension for WindowsStandalone target not found
Refreshing native plugins compatible for Editor in 0.20 ms, found 0 plugins.
Preloading 0 native plugins for Editor in 0.00 ms.
Invoked RoslynAnalysisRunner static constructor.
RoslynAnalysisRunner will not be running.
RoslynAnalysisRunner has terminated.
Mono: successfully reloaded assembly
- Completed reload, in  0.687 seconds
Platform modules already initialized, skipping
Refreshing native plugins compatible for Editor in 0.18 ms, found 0 plugins.
Preloading 0 native plugins for Editor in 0.00 ms.
Unloading 1120 Unused Serialized files (Serialized files now loaded: 0)
System memory in use before: 60.9 MB.
System memory in use after: 61.0 MB.

Unloading 7 unused Assets to reduce memory usage. Loaded Objects now: 1669.
Total: 1.899800 ms (FindLiveObjects: 0.229200 ms CreateObjectMapping: 0.056200 ms MarkObjects: 1.545700 ms  DeleteObjects: 0.066600 ms)

========================================================================
Received Import Request.
  Time since last request: 70.029100 seconds.
  path: Assets/Scripts/PlayerControl.cs
  artifactKey: Guid(5168864a356a36e43b27ba539704a5b9) Importer(815301076,1909f56bfc062723c751e8b465ee728b)
Start importing Assets/Scripts/PlayerControl.cs using Guid(5168864a356a36e43b27ba539704a5b9) Importer(815301076,1909f56bfc062723c751e8b465ee728b)  -> (artifact id: '139d00eb6d47b387984c6121ea7dbd7b') in 0.008642 seconds
  Import took 0.011346 seconds .

========================================================================
Received Import Request.
  Time since last request: 0.031298 seconds.
  path: Assets/Scripts/PlayerControl.cs
  artifactKey: Guid(5168864a356a36e43b27ba539704a5b9) Importer(815301076,1909f56bfc062723c751e8b465ee728b)
Start importing Assets/Scripts/PlayerControl.cs using Guid(5168864a356a36e43b27ba539704a5b9) Importer(815301076,1909f56bfc062723c751e8b465ee728b)  -> (artifact id: '139d00eb6d47b387984c6121ea7dbd7b') in 0.004176 seconds
  Import took 0.006537 seconds .

========================================================================
Received Import Request.
  Time since last request: 8.297501 seconds.
  path: Assets/Scenes/lobbyScreen.unity
  artifactKey: Guid(b3c071005e882f146bac0ce6b2116fcf) Importer(815301076,1909f56bfc062723c751e8b465ee728b)
Start importing Assets/Scenes/lobbyScreen.unity using Guid(b3c071005e882f146bac0ce6b2116fcf) Importer(815301076,1909f56bfc062723c751e8b465ee728b)  -> (artifact id: '66e172429f840cb4db90deb2c9fd4a9b') in 0.025235 seconds
  Import took 0.029819 seconds .

========================================================================
Received Import Request.
  Time since last request: 281.009524 seconds.
  path: Assets/Scenes/homeScreen.unity
  artifactKey: Guid(9fc0d4010bbf28b4594072e72b8655ab) Importer(815301076,1909f56bfc062723c751e8b465ee728b)
Start importing Assets/Scenes/homeScreen.unity using Guid(9fc0d4010bbf28b4594072e72b8655ab) Importer(815301076,1909f56bfc062723c751e8b465ee728b)  -> (artifact id: 'e6213204950102c1331caf09d86d460c') in 0.010704 seconds
  Import took 0.014662 seconds .

========================================================================
Received Import Request.
  Time since last request: 30.193046 seconds.
  path: Assets/Scenes/lobbyScreen.unity
  artifactKey: Guid(b3c071005e882f146bac0ce6b2116fcf) Importer(815301076,1909f56bfc062723c751e8b465ee728b)
Start importing Assets/Scenes/lobbyScreen.unity using Guid(b3c071005e882f146bac0ce6b2116fcf) Importer(815301076,1909f56bfc062723c751e8b465ee728b)  -> (artifact id: 'd1b2fe8885aa3893a40cb4a9def4d0b5') in 0.004732 seconds
  Import took 0.007241 seconds .

========================================================================
Received Prepare
Registering precompiled user dll's ...
Registered in 0.001061 seconds.
Begin MonoManager ReloadAssembly
Symbol file LoadedFromMemory is not a mono symbol file
Native extension for WindowsStandalone target not found
Refreshing native plugins compatible for Editor in 0.46 ms, found 0 plugins.
Preloading 0 native plugins for Editor in 0.00 ms.
Invoked RoslynAnalysisRunner static constructor.
RoslynAnalysisRunner will not be running.
RoslynAnalysisRunner has terminated.
Mono: successfully reloaded assembly
- Completed reload, in  1.411 seconds
Platform modules already initialized, skipping
Refreshing native plugins compatible for Editor in 0.60 ms, found 0 plugins.
Preloading 0 native plugins for Editor in 0.00 ms.
Unloading 1121 Unused Serialized files (Serialized files now loaded: 0)
System memory in use before: 60.9 MB.
System memory in use after: 61.0 MB.

Unloading 6 unused Assets to reduce memory usage. Loaded Objects now: 1673.
Total: 6.440500 ms (FindLiveObjects: 0.454900 ms CreateObjectMapping: 0.267200 ms MarkObjects: 5.569400 ms  DeleteObjects: 0.145600 ms)

========================================================================
Received Prepare
Registering precompiled user dll's ...
Registered in 0.001071 seconds.
Begin MonoManager ReloadAssembly
Symbol file LoadedFromMemory is not a mono symbol file
Native extension for WindowsStandalone target not found
Refreshing native plugins compatible for Editor in 0.23 ms, found 0 plugins.
Preloading 0 native plugins for Editor in 0.00 ms.
Invoked RoslynAnalysisRunner static constructor.
RoslynAnalysisRunner will not be running.
RoslynAnalysisRunner has terminated.
Mono: successfully reloaded assembly
- Completed reload, in  0.916 seconds
Platform modules already initialized, skipping
Refreshing native plugins compatible for Editor in 0.98 ms, found 0 plugins.
Preloading 0 native plugins for Editor in 0.00 ms.
Unloading 1121 Unused Serialized files (Serialized files now loaded: 0)
System memory in use before: 60.9 MB.
System memory in use after: 61.0 MB.

Unloading 6 unused Assets to reduce memory usage. Loaded Objects now: 1676.
Total: 5.062200 ms (FindLiveObjects: 0.563500 ms CreateObjectMapping: 0.133100 ms MarkObjects: 4.262700 ms  DeleteObjects: 0.098700 ms)

========================================================================
Received Prepare
Registering precompiled user dll's ...
Registered in 0.002247 seconds.
Begin MonoManager ReloadAssembly
Symbol file LoadedFromMemory is not a mono symbol file
Native extension for WindowsStandalone target not found
Refreshing native plugins compatible for Editor in 0.26 ms, found 0 plugins.
Preloading 0 native plugins for Editor in 0.00 ms.
Invoked RoslynAnalysisRunner static constructor.
RoslynAnalysisRunner will not be running.
RoslynAnalysisRunner has terminated.
Mono: successfully reloaded assembly
- Completed reload, in  0.960 seconds
Platform modules already initialized, skipping
Refreshing native plugins compatible for Editor in 0.30 ms, found 0 plugins.
Preloading 0 native plugins for Editor in 0.00 ms.
Unloading 1121 Unused Serialized files (Serialized files now loaded: 0)
System memory in use before: 60.9 MB.
System memory in use after: 61.0 MB.

Unloading 6 unused Assets to reduce memory usage. Loaded Objects now: 1679.
Total: 1.987800 ms (FindLiveObjects: 0.367500 ms CreateObjectMapping: 0.107700 ms MarkObjects: 1.456900 ms  DeleteObjects: 0.054300 ms)

========================================================================
Received Import Request.
  Time since last request: 96.954828 seconds.
  path: Assets/Scripts/lobbyScript.cs
  artifactKey: Guid(ac23cd1fa4c958843a0a1c2cfc93c89b) Importer(815301076,1909f56bfc062723c751e8b465ee728b)
Start importing Assets/Scripts/lobbyScript.cs using Guid(ac23cd1fa4c958843a0a1c2cfc93c89b) Importer(815301076,1909f56bfc062723c751e8b465ee728b)  -> (artifact id: 'a5022cf3cc6766fb9e1b267a8306f8f0') in 0.009554 seconds
  Import took 0.011738 seconds .

========================================================================
Received Prepare
Registering precompiled user dll's ...
Registered in 0.001162 seconds.
Begin MonoManager ReloadAssembly
Symbol file LoadedFromMemory is not a mono symbol file
Native extension for WindowsStandalone target not found
Refreshing native plugins compatible for Editor in 0.75 ms, found 0 plugins.
Preloading 0 native plugins for Editor in 0.00 ms.
Invoked RoslynAnalysisRunner static constructor.
RoslynAnalysisRunner will not be running.
RoslynAnalysisRunner has terminated.
Mono: successfully reloaded assembly
- Completed reload, in  0.864 seconds
Platform modules already initialized, skipping
Refreshing native plugins compatible for Editor in 0.76 ms, found 0 plugins.
Preloading 0 native plugins for Editor in 0.00 ms.
Unloading 1121 Unused Serialized files (Serialized files now loaded: 0)
System memory in use before: 60.9 MB.
System memory in use after: 61.0 MB.

Unloading 6 unused Assets to reduce memory usage. Loaded Objects now: 1682.
Total: 1.662700 ms (FindLiveObjects: 0.196400 ms CreateObjectMapping: 0.042500 ms MarkObjects: 1.373600 ms  DeleteObjects: 0.049000 ms)

========================================================================
Received Import Request.
  Time since last request: 370.104524 seconds.
  path: Assets/Scripts/lobbyScript.cs
  artifactKey: Guid(ac23cd1fa4c958843a0a1c2cfc93c89b) Importer(815301076,1909f56bfc062723c751e8b465ee728b)
Start importing Assets/Scripts/lobbyScript.cs using Guid(ac23cd1fa4c958843a0a1c2cfc93c89b) Importer(815301076,1909f56bfc062723c751e8b465ee728b)  -> (artifact id: 'c961cbe13f99c78d2c8fdd4a7ef4ebd3') in 0.008012 seconds
  Import took 0.012201 seconds .

========================================================================
Received Import Request.
  Time since last request: 35.775103 seconds.
  path: Assets/Scenes/lobbyScreen.unity
  artifactKey: Guid(b3c071005e882f146bac0ce6b2116fcf) Importer(815301076,1909f56bfc062723c751e8b465ee728b)
Start importing Assets/Scenes/lobbyScreen.unity using Guid(b3c071005e882f146bac0ce6b2116fcf) Importer(815301076,1909f56bfc062723c751e8b465ee728b)  -> (artifact id: '0661ce284adb6d6e16f707628f53f99d') in 0.027669 seconds
  Import took 0.031353 seconds .

========================================================================
Received Prepare
Registering precompiled user dll's ...
Registered in 0.002197 seconds.
Begin MonoManager ReloadAssembly
Symbol file LoadedFromMemory is not a mono symbol file
Native extension for WindowsStandalone target not found
Refreshing native plugins compatible for Editor in 0.20 ms, found 0 plugins.
Preloading 0 native plugins for Editor in 0.00 ms.
Invoked RoslynAnalysisRunner static constructor.
RoslynAnalysisRunner will not be running.
RoslynAnalysisRunner has terminated.
Mono: successfully reloaded assembly
- Completed reload, in  0.976 seconds
Platform modules already initialized, skipping
Refreshing native plugins compatible for Editor in 0.28 ms, found 0 plugins.
Preloading 0 native plugins for Editor in 0.00 ms.
Unloading 1121 Unused Serialized files (Serialized files now loaded: 0)
System memory in use before: 61.0 MB.
System memory in use after: 61.0 MB.

Unloading 6 unused Assets to reduce memory usage. Loaded Objects now: 1685.
Total: 5.242500 ms (FindLiveObjects: 0.582100 ms CreateObjectMapping: 0.262500 ms MarkObjects: 4.275000 ms  DeleteObjects: 0.119800 ms)

========================================================================
Received Prepare
Registering precompiled user dll's ...
Registered in 0.001177 seconds.
Begin MonoManager ReloadAssembly
Symbol file LoadedFromMemory is not a mono symbol file
Native extension for WindowsStandalone target not found
Refreshing native plugins compatible for Editor in 0.64 ms, found 0 plugins.
Preloading 0 native plugins for Editor in 0.00 ms.
Invoked RoslynAnalysisRunner static constructor.
RoslynAnalysisRunner will not be running.
RoslynAnalysisRunner has terminated.
Mono: successfully reloaded assembly
- Completed reload, in  1.223 seconds
Platform modules already initialized, skipping
Refreshing native plugins compatible for Editor in 0.57 ms, found 0 plugins.
Preloading 0 native plugins for Editor in 0.00 ms.
Unloading 1122 Unused Serialized files (Serialized files now loaded: 0)
System memory in use before: 61.0 MB.
System memory in use after: 61.1 MB.

Unloading 6 unused Assets to reduce memory usage. Loaded Objects now: 1689.
Total: 7.814100 ms (FindLiveObjects: 1.595500 ms CreateObjectMapping: 0.294900 ms MarkObjects: 5.791600 ms  DeleteObjects: 0.129800 ms)

========================================================================
Received Prepare
Registering precompiled user dll's ...
Registered in 0.001386 seconds.
Begin MonoManager ReloadAssembly
Symbol file LoadedFromMemory is not a mono symbol file
Native extension for WindowsStandalone target not found
Refreshing native plugins compatible for Editor in 0.35 ms, found 0 plugins.
Preloading 0 native plugins for Editor in 0.00 ms.
Invoked RoslynAnalysisRunner static constructor.
RoslynAnalysisRunner will not be running.
RoslynAnalysisRunner has terminated.
Mono: successfully reloaded assembly
- Completed reload, in  1.076 seconds
Platform modules already initialized, skipping
Refreshing native plugins compatible for Editor in 0.18 ms, found 0 plugins.
Preloading 0 native plugins for Editor in 0.00 ms.
Unloading 1122 Unused Serialized files (Serialized files now loaded: 0)
System memory in use before: 61.0 MB.
System memory in use after: 61.0 MB.

Unloading 6 unused Assets to reduce memory usage. Loaded Objects now: 1692.
Total: 2.684300 ms (FindLiveObjects: 0.210500 ms CreateObjectMapping: 0.044400 ms MarkObjects: 2.258200 ms  DeleteObjects: 0.169800 ms)

========================================================================
Received Import Request.
  Time since last request: 154.532336 seconds.
  path: Assets/Scripts/NetworkMan.cs
  artifactKey: Guid(3a6e3bbcb02e431479d68575dc54ed43) Importer(815301076,1909f56bfc062723c751e8b465ee728b)
Start importing Assets/Scripts/NetworkMan.cs using Guid(3a6e3bbcb02e431479d68575dc54ed43) Importer(815301076,1909f56bfc062723c751e8b465ee728b)  -> (artifact id: '661fcc8acb55f8100df1aea031fbf2a4') in 0.038759 seconds
  Import took 0.043187 seconds .

AssetImportWorkerClient::OnTransportError - code=2 error=End of file
